[debug] [2021-11-21T22:50:30.123Z] ----------------------------------------------------------------------
[debug] [2021-11-21T22:50:30.127Z] Command:       /usr/local/bin/node /usr/local/bin/firebase deploy --only hosting
[debug] [2021-11-21T22:50:30.127Z] CLI Version:   9.1.0
[debug] [2021-11-21T22:50:30.127Z] Platform:      darwin
[debug] [2021-11-21T22:50:30.128Z] Node Version:  v14.17.6
[debug] [2021-11-21T22:50:30.129Z] Time:          Sun Nov 21 2021 14:50:30 GMT-0800 (Pacific Standard Time)
[debug] [2021-11-21T22:50:30.129Z] ----------------------------------------------------------------------
[debug] [2021-11-21T22:50:30.129Z] 
[debug] [2021-11-21T22:50:30.157Z] > command requires scopes: ["email","openid","https://www.googleapis.com/auth/cloudplatformprojects.readonly","https://www.googleapis.com/auth/firebase","https://www.googleapis.com/auth/cloud-platform"]
[debug] [2021-11-21T22:50:30.158Z] > authorizing via signed-in user
[debug] [2021-11-21T22:50:30.158Z] [iam] checking project blocks-faucet for permissions ["firebase.projects.get","firebasehosting.sites.update"]
[debug] [2021-11-21T22:50:30.161Z] >>> HTTP REQUEST POST https://cloudresourcemanager.googleapis.com/v1/projects/blocks-faucet:testIamPermissions  
 {"permissions":["firebase.projects.get","firebasehosting.sites.update"]}
[debug] [2021-11-21T22:50:30.508Z] <<< HTTP RESPONSE 200 {"content-type":"application/json; charset=UTF-8","vary":"X-Origin, Referer, Origin,Accept-Encoding","date":"Sun, 21 Nov 2021 22:50:30 GMT","server":"ESF","cache-control":"private","x-xss-protection":"0","x-frame-options":"SAMEORIGIN","x-content-type-options":"nosniff","server-timing":"gfet4t7; dur=178","alt-svc":"h3=\":443\"; ma=2592000,h3-29=\":443\"; ma=2592000,h3-Q050=\":443\"; ma=2592000,h3-Q046=\":443\"; ma=2592000,h3-Q043=\":443\"; ma=2592000,quic=\":443\"; ma=2592000; v=\"46,43\"","accept-ranges":"none","transfer-encoding":"chunked"}
[debug] [2021-11-21T22:50:30.511Z] >>> HTTP REQUEST GET https://firebase.googleapis.com/v1beta1/projects/blocks-faucet  
 
[debug] [2021-11-21T22:50:30.755Z] <<< HTTP RESPONSE 200 {"content-type":"application/json; charset=UTF-8","vary":"X-Origin, Referer, Origin,Accept-Encoding","date":"Sun, 21 Nov 2021 22:50:30 GMT","server":"ESF","cache-control":"private","x-xss-protection":"0","x-frame-options":"SAMEORIGIN","x-content-type-options":"nosniff","alt-svc":"h3=\":443\"; ma=2592000,h3-29=\":443\"; ma=2592000,h3-Q050=\":443\"; ma=2592000,h3-Q046=\":443\"; ma=2592000,h3-Q043=\":443\"; ma=2592000,quic=\":443\"; ma=2592000; v=\"46,43\"","accept-ranges":"none","transfer-encoding":"chunked"}
[info] 
[info] === Deploying to 'blocks-faucet'...
[info] 
[info] i  deploying hosting 
[debug] [2021-11-21T22:50:30.759Z] >>> HTTP REQUEST POST https://firebasehosting.googleapis.com/v1beta1/sites/blocks-faucet/versions  
 {"config":{"rewrites":[{"glob":"**","path":"/index.html"}]},"labels":{"deployment-tool":"cli-firebase"}}
[debug] [2021-11-21T22:50:31.778Z] <<< HTTP RESPONSE 200 {"content-type":"application/json; charset=UTF-8","vary":"X-Origin, Referer, Origin,Accept-Encoding","date":"Sun, 21 Nov 2021 22:50:31 GMT","server":"ESF","cache-control":"private","x-xss-protection":"0","x-frame-options":"SAMEORIGIN","x-content-type-options":"nosniff","alt-svc":"h3=\":443\"; ma=2592000,h3-29=\":443\"; ma=2592000,h3-Q050=\":443\"; ma=2592000,h3-Q046=\":443\"; ma=2592000,h3-Q043=\":443\"; ma=2592000,quic=\":443\"; ma=2592000; v=\"46,43\"","accept-ranges":"none","transfer-encoding":"chunked"}
[info] i  hosting[blocks-faucet]: beginning deploy... 
[info] i  hosting[blocks-faucet]: found 134 files in build 
[debug] [2021-11-21T22:50:31.807Z] [hosting] hash cache [YnVpbGQ] not populated
